/home/nick/.rvm/gems/ruby-2.4.0/gems/bundler-1.15.4/lib/bundler/spec_set.rb:87:in `block in materialize': Could not find bootstrap-sass-3.3.7 in any of the sources (Bundler::GemNotFound)
	from /home/nick/.rvm/gems/ruby-2.4.0/gems/bundler-1.15.4/lib/bundler/spec_set.rb:81:in `map!'
	from /home/nick/.rvm/gems/ruby-2.4.0/gems/bundler-1.15.4/lib/bundler/spec_set.rb:81:in `materialize'
	from /home/nick/.rvm/gems/ruby-2.4.0/gems/bundler-1.15.4/lib/bundler/definition.rb:159:in `specs'
	from /home/nick/.rvm/gems/ruby-2.4.0/gems/bundler-1.15.4/lib/bundler/definition.rb:218:in `specs_for'
	from /home/nick/.rvm/gems/ruby-2.4.0/gems/bundler-1.15.4/lib/bundler/definition.rb:207:in `requested_specs'
	from /home/nick/.rvm/gems/ruby-2.4.0/gems/bundler-1.15.4/lib/bundler/runtime.rb:109:in `block in definition_method'
	from /home/nick/.rvm/gems/ruby-2.4.0/gems/bundler-1.15.4/lib/bundler/runtime.rb:21:in `setup'
	from /home/nick/.rvm/gems/ruby-2.4.0/gems/bundler-1.15.4/lib/bundler.rb:101:in `setup'
	from /home/nick/.rvm/gems/ruby-2.4.0/gems/bundler-1.15.4/lib/bundler/setup.rb:19:in `<top (required)>'
	from /usr/share/rvm/rubies/ruby-2.4.0/lib/ruby/2.4.0/rubygems/core_ext/kernel_require.rb:55:in `require'
	from /usr/share/rvm/rubies/ruby-2.4.0/lib/ruby/2.4.0/rubygems/core_ext/kernel_require.rb:55:in `require'
	from /home/nick/dashboard/dashboard/config/boot.rb:3:in `<top (required)>'
	from /home/nick/dashboard/dashboard/bin/rails:8:in `require_relative'
	from /home/nick/dashboard/dashboard/bin/rails:8:in `<top (required)>'
	from /home/nick/.rvm/gems/ruby-2.4.0/gems/spring-2.0.2/lib/spring/client/rails.rb:28:in `load'
	from /home/nick/.rvm/gems/ruby-2.4.0/gems/spring-2.0.2/lib/spring/client/rails.rb:28:in `call'
	from /home/nick/.rvm/gems/ruby-2.4.0/gems/spring-2.0.2/lib/spring/client/command.rb:7:in `call'
	from /home/nick/.rvm/gems/ruby-2.4.0/gems/spring-2.0.2/lib/spring/client.rb:30:in `run'
	from /home/nick/.rvm/gems/ruby-2.4.0/gems/spring-2.0.2/bin/spring:49:in `<top (required)>'
	from /home/nick/.rvm/gems/ruby-2.4.0/gems/spring-2.0.2/lib/spring/binstub.rb:31:in `load'
	from /home/nick/.rvm/gems/ruby-2.4.0/gems/spring-2.0.2/lib/spring/binstub.rb:31:in `<top (required)>'
	from /usr/share/rvm/rubies/ruby-2.4.0/lib/ruby/2.4.0/rubygems/core_ext/kernel_require.rb:68:in `require'
	from /usr/share/rvm/rubies/ruby-2.4.0/lib/ruby/2.4.0/rubygems/core_ext/kernel_require.rb:68:in `require'
	from /home/nick/dashboard/dashboard/bin/spring:15:in `<top (required)>'
	from bin/rails:3:in `load'
	from bin/rails:3:in `<main>'
